[debug] [2026-06-18T12:56:13.031Z] : 
[debug] [2026-06-18T12:56:13.034Z] : ----------------------------------------------------------------------
[debug] [2026-06-18T12:56:13.034Z] : Command:      C:\Users\Tamilarasi\AppData\Roaming\nvm\nodejs\node.exe C:\Users\Tamilarasi\AppData\Roaming\nvm\nodejs\node_modules\zcatalyst-cli\lib\bin\catalyst.js serve --only slate
[debug] [2026-06-18T12:56:13.034Z] : CLI Version:  1.26.0
[debug] [2026-06-18T12:56:13.034Z] : Platform:     win32
[debug] [2026-06-18T12:56:13.035Z] : Node Version: v24.11.0
[debug] [2026-06-18T12:56:13.035Z] : Time:         Thu Jun 18 2026 18:26:13 GMT+0530 (India Standard Time)
[debug] [2026-06-18T12:56:13.035Z] : ----------------------------------------------------------------------
[debug] [2026-06-18T12:56:13.035Z] : 
[debug] [2026-06-18T12:56:14.521Z] : > authorizing via signed-in user option
[debug] [2026-06-18T12:56:14.521Z] : > command requires scopes: ["ZohoCatalyst.projects.ALL","ZohoCatalyst.apigateway.apis.READ","ZohoCatalyst.apigateway.READ","ZohoCatalyst.segments.ALL","ZohoCatalyst.cache.READ","ZohoCatalyst.cache.CREATE","ZohoCatalyst.cache.DELETE","ZohoCatalyst.projects.ALL","ZohoCatalyst.cron.ALL","ZohoCatalyst.zcql.CREATE","ZohoCatalyst.projects.users.READ","ZohoCatalyst.projects.users.CREATE","ZohoCatalyst.projects.users.DELETE","ZohoCatalyst.projects.users.UPDATE","ZohoCatalyst.authentication.CREATE","ZohoCatalyst.email.CREATE","ZohoCatalyst.tables.ALL","ZohoCatalyst.tables.rows.ALL","ZohoCatalyst.tables.columns.ALL","ZohoCatalyst.tables.bulk.CREATE","ZohoCatalyst.tables.bulk.READ","ZohoCatalyst.folders.ALL","ZohoCatalyst.files.CREATE","ZohoCatalyst.files.READ","ZohoCatalyst.files.DELETE","ZohoCatalyst.functions.ALL","ZohoCatalyst.functions.EXECUTE","ZohoCatalyst.eventlistners.ALL","ZohoCatalyst.eventlisteners.produce","ZohoCatalyst.security.rules.Read","ZohoCatalyst.security.rules.Update","ZohoCatalyst.notifications.mobile","ZohoCatalyst.notifications.web","ZohoCatalyst.search.READ","ZohoCatalyst.mlkit.READ","QuickML.deployment.READ","ZohoCatalyst.pdfshot.execute","ZohoCatalyst.grid.READ","ZohoCatalyst.grid.terminate","ZohoCatalyst.circuits.execution.DELETE","ZohoCatalyst.circuits.execution.READ","ZohoCatalyst.circuits.execute","ZohoCatalyst.appsail.Read","ZohoCatalyst.jobpool.READ","ZohoCatalyst.job.ALL","ZohoCatalyst.nosql.READ","ZohoCatalyst.nosql.rows.ALL"]
[debug] [2026-06-18T12:56:14.546Z] : >>>> HTTP REQUEST : GET https://api.catalyst.zoho.in/baas/v1/project/5140000000004073 

[debug] [2026-06-18T12:56:14.692Z] : <<<< HTTP RESPONSE : 200
Response Headers: {"server":"ZGS","date":"Thu, 18 Jun 2026 12:56:14 GMT","content-type":"application/vnd.catalyst.v2+json","transfer-encoding":"chunked","connection":"keep-alive","x-content-type-options":"nosniff","cache-control":"private,no-cache,no-store,max-age=0,must-revalidate","pragma":"no-cache","expires":"Thu, 01 Jan 1970 00:00:00 GMT","x-frame-options":"DENY","strict-transport-security":"max-age=64072000; includeSubDomains; preload"}

[debug] [2026-06-18T12:56:14.697Z] : >>>> HTTP REQUEST : GET https://api.catalyst.zoho.in/baas/v1/project/5140000000004073/environment 

[debug] [2026-06-18T12:56:14.740Z] : <<<< HTTP RESPONSE : 200
Response Headers: {"server":"ZGS","date":"Thu, 18 Jun 2026 12:56:14 GMT","content-type":"application/vnd.catalyst.v2+json","transfer-encoding":"chunked","connection":"keep-alive","x-content-type-options":"nosniff","cache-control":"private,no-cache,no-store,max-age=0,must-revalidate","pragma":"no-cache","expires":"Thu, 01 Jan 1970 00:00:00 GMT","x-frame-options":"DENY","strict-transport-security":"max-age=64072000; includeSubDomains; preload"}

[debug] [2026-06-18T12:56:14.966Z] : http port : '3000' is not available. Hence port '3001' will be used instead.
[debug] [2026-06-18T12:56:14.974Z] : No basic functions to add
[debug] [2026-06-18T12:56:17.593Z] : No API Gateway configuration found. Skipping API Gateway rules
[info] [2026-06-18T12:56:17.711Z] : 
[info] [2026-06-18T12:56:17.711Z] :  >>>>>>>>>>>>>> Slate <<<<<<<<<<<<<< 
[info] [2026-06-18T12:56:17.712Z] : i vteck-landing-page: http://localhost:3001
[info] [2026-06-18T12:56:17.712Z] : 
[debug] [2026-06-18T12:56:18.152Z] : Error: spawn npm run dev -- --port $ZC_SLATE_PORT ENOENT
    at notFoundError (C:\Users\Tamilarasi\AppData\Roaming\nvm\v24.11.0\node_modules\zcatalyst-cli\node_modules\cross-spawn\lib\enoent.js:6:26)
    at verifyENOENT (C:\Users\Tamilarasi\AppData\Roaming\nvm\v24.11.0\node_modules\zcatalyst-cli\node_modules\cross-spawn\lib\enoent.js:40:16)
    at cp.emit (C:\Users\Tamilarasi\AppData\Roaming\nvm\v24.11.0\node_modules\zcatalyst-cli\node_modules\cross-spawn\lib\enoent.js:27:25)
    at ChildProcess._handle.onexit (node:internal/child_process:294:12) {
  code: 'ENOENT',
  errno: 'ENOENT',
  syscall: 'spawn npm run dev -- --port $ZC_SLATE_PORT',
  path: 'npm run dev -- --port $ZC_SLATE_PORT',
  spawnargs: []
}
[debug] [2026-06-18T12:56:18.154Z] : Function serve error:  CatalystError: spawn npm run dev -- --port $ZC_SLATE_PORT ENOENT
    at CatalystError.getErrorInstance (C:\Users\Tamilarasi\AppData\Roaming\nvm\v24.11.0\node_modules\zcatalyst-cli\lib\error\index.js:47:20)
    at ChildProcess.<anonymous> (C:\Users\Tamilarasi\AppData\Roaming\nvm\v24.11.0\node_modules\zcatalyst-cli\lib\serve\server\index.js:197:51)
    at ChildProcess.emit (node:events:520:35)
    at cp.emit (C:\Users\Tamilarasi\AppData\Roaming\nvm\v24.11.0\node_modules\zcatalyst-cli\node_modules\cross-spawn\lib\enoent.js:30:37)
    at ChildProcess._handle.onexit (node:internal/child_process:294:12) {
  status: 500,
  exit: 1,
  original: Error: spawn npm run dev -- --port $ZC_SLATE_PORT ENOENT
      at notFoundError (C:\Users\Tamilarasi\AppData\Roaming\nvm\v24.11.0\node_modules\zcatalyst-cli\node_modules\cross-spawn\lib\enoent.js:6:26)
      at verifyENOENT (C:\Users\Tamilarasi\AppData\Roaming\nvm\v24.11.0\node_modules\zcatalyst-cli\node_modules\cross-spawn\lib\enoent.js:40:16)
      at cp.emit (C:\Users\Tamilarasi\AppData\Roaming\nvm\v24.11.0\node_modules\zcatalyst-cli\node_modules\cross-spawn\lib\enoent.js:27:25)
      at ChildProcess._handle.onexit (node:internal/child_process:294:12) {
    code: 'ENOENT',
    errno: 'ENOENT',
    syscall: 'spawn npm run dev -- --port $ZC_SLATE_PORT',
    path: 'npm run dev -- --port $ZC_SLATE_PORT',
    spawnargs: []
  },
  context: undefined,
  errorId: undefined,
  arg: undefined,
  skipHelp: true
}
