2023-10-10 23:00:29.381 +0530 [debug] ([34mconfigs.js[0m) [31mloaded default configs as "{"updates":{"manifest_url":"https://cdn.freshdev.io/assets/fdk/updates.json","period":24},"log":{"level":"info"},"javascript":{"ecma_version":2020},"request":{"timeout":5000}}"[0m
2023-10-10 23:00:29.390 +0530 [debug] ([34mfile.js[0m) [31mError while requiring C:\Users\progr/.fdk/configs.json: Cannot find module 'C:\Users\progr/.fdk/configs.json'
Require stack:
- C:\Users\progr\AppData\Roaming\npm\node_modules\fdk\lib\utils\file.js
- C:\Users\progr\AppData\Roaming\npm\node_modules\fdk\lib\configs.js
- C:\Users\progr\AppData\Roaming\npm\node_modules\fdk\lib\logger.js
- C:\Users\progr\AppData\Roaming\npm\node_modules\fdk\index.js[0m
2023-10-10 23:00:29.391 +0530 [debug] ([34mconfigs.js[0m) [31mloaded global configs as "{}"[0m
2023-10-10 23:00:29.392 +0530 [debug] ([34mfile.js[0m) [31mError while requiring C:\Sstudio\code\vtecknologies/.fdk/configs.json: Cannot find module 'C:\Sstudio\code\vtecknologies/.fdk/configs.json'
Require stack:
- C:\Users\progr\AppData\Roaming\npm\node_modules\fdk\lib\utils\file.js
- C:\Users\progr\AppData\Roaming\npm\node_modules\fdk\lib\configs.js
- C:\Users\progr\AppData\Roaming\npm\node_modules\fdk\lib\logger.js
- C:\Users\progr\AppData\Roaming\npm\node_modules\fdk\index.js[0m
2023-10-10 23:00:29.392 +0530 [debug] ([34mconfigs.js[0m) [31mloaded local configs as "{}"[0m
2023-10-10 23:00:29.392 +0530 [debug] ([34mconfigs.js[0m) [31mloaded env configs as "{"updates":{},"log":{},"javascript":{},"request":{"timeout":5000}}"[0m
2023-10-10 23:00:29.392 +0530 [debug] ([34mconfigs.js[0m) [31mloaded resolved configs as "{"updates":{"manifest_url":"https://cdn.freshdev.io/assets/fdk/updates.json","period":24},"log":{"level":"info"},"javascript":{"ecma_version":2020},"request":{"timeout":5000}}"[0m
2023-10-10 23:00:29.393 +0530 [debug] ([34mlogger.js[0m) [31mStarting FDK in node v18.16.0 on win32[0m
2023-10-10 23:00:29.393 +0530 [debug] ([34msequelize.js[0m) [31msetting up sqilite at "C:\Sstudio\code\vtecknologies/.fdk/store.sqlite"[0m
2023-10-10 23:00:29.394 +0530 [debug] ([34mdata.js[0m) [31mRead {"version_details":{"cli":{"deprecated":{"version":"<9","message":"This FDK version will be deprecated by September 30, 2023 There will be no further feature updates to this version. For a seamless app building experience, ensure to move to the latest FDK version. For more information, see https://developers.freshdesk.com/v2/docs/migration-overview/#latest_platform_version_migration."},"forced":{"version":"7.0.0","command":"npm install https://dl.freshdev.io/cli/fdk-7.0.0.tgz -g","message":"Your FDK version has been forced updated to v7.0.0, please visit https://community.developers.freshworks.com/t/fdk-v7-0-announcing-node-js-v12-and-es6-support/3606 to know more"},"latest":{"version":"9.0.5","command":"npm install https://cdn.freshdev.io/fdk/latest.tgz -g","message":"You are on the latest FDK version. For information on the features available as part of this FDK version, see https://developers.freshdesk.com/v2/docs/what's-new/ ."}},"addon":{"version":"1.13.6","url":"https://cdn.freshdev.io/assets/fdk/addons/addon.zip"}},"last_updated":{"time_stamp":1696700487874}}[0m
2023-10-10 23:00:29.394 +0530 [debug] ([34mupdater.js[0m) [31mlast check more than 24 hours ago, looking for updates again[0m
2023-10-10 23:00:29.757 +0530 [debug] ([34mupdater.js[0m) [31mdownloaded update manifest as {"cli":{"deprecated":{"version":"<9","message":"This FDK version will be deprecated by September 30, 2023 There will be no further feature updates to this version. For a seamless app building experience, ensure to move to the latest FDK version. For more information, see https://developers.freshdesk.com/v2/docs/migration-overview/#latest_platform_version_migration."},"forced":{"version":"7.0.0","command":"npm install https://dl.freshdev.io/cli/fdk-7.0.0.tgz -g","message":"Your FDK version has been forced updated to v7.0.0, please visit https://community.developers.freshworks.com/t/fdk-v7-0-announcing-node-js-v12-and-es6-support/3606 to know more"},"latest":{"version":"9.0.5","command":"npm install https://cdn.freshdev.io/fdk/latest.tgz -g","message":"You are on the latest FDK version. For information on the features available as part of this FDK version, see https://developers.freshdesk.com/v2/docs/what's-new/ ."}},"addon":{"version":"1.13.6","url":"https://cdn.freshdev.io/assets/fdk/addons/addon.zip"}}[0m
